<?xml version="1.0" encoding="UTF-8"?>
<!-- Generated by org.testng.reporters.JUnitXMLReporter -->
<testsuite ignored="0" hostname="vpr" failures="0" tests="3" name="chromeTest" time="36.331" errors="0" timestamp="2026-02-07T12:34:29 IST">
  <testcase classname="org.ecommerce.testcases.Login" name="validLoginDetails" time="1.281"/>
  <testcase classname="org.ecommerce.testcases.Login" name="invalidLoginDetails" time="0.961"/>
  <testcase classname="org.ecommerce.testcases.Login2" name="validLoginDetails" time="1.401"/>
</testsuite> <!-- chromeTest -->
