<?xml version="1.0" encoding="UTF-8"?>
<!-- Generated by org.testng.reporters.JUnitXMLReporter -->
<testsuite ignored="0" hostname="vpr" failures="0" tests="3" name="edgeTest" time="38.073" errors="0" timestamp="2026-02-07T11:11:23 IST">
  <testcase classname="org.ecommerce.testcases.Login" name="validLoginDetails" time="1.451"/>
  <testcase classname="org.ecommerce.testcases.Login" name="invalidLoginDetails" time="0.937"/>
  <testcase classname="org.ecommerce.testcases.Login2" name="validLoginDetails" time="2.035"/>
</testsuite> <!-- edgeTest -->
