<?xml version="1.0" encoding="UTF-8"?>
<!-- Generated by org.testng.reporters.JUnitXMLReporter -->
<testsuite ignored="0" hostname="vpr" failures="0" tests="3" name="firefox" time="34.218" errors="0" timestamp="2026-02-07T12:35:04 IST">
  <testcase classname="org.ecommerce.testcases.Login" name="validLoginDetails" time="0.954"/>
  <testcase classname="org.ecommerce.testcases.Login" name="invalidLoginDetails" time="1.107"/>
  <testcase classname="org.ecommerce.testcases.Login2" name="validLoginDetails" time="1.318"/>
</testsuite> <!-- firefox -->
