<?xml version="1.0" encoding="UTF-8"?>
<!-- Generated by org.testng.reporters.JUnitXMLReporter -->
<testsuite ignored="0" hostname="vpr" failures="0" tests="3" name="Test" time="35.129" errors="0" timestamp="2026-02-09T18:43:27 IST">
  <testcase classname="org.ecommerce.testcases.Login" name="validLoginDetails" time="1.058"/>
  <testcase classname="org.ecommerce.testcases.Login" name="invalidLoginDetails" time="1.007"/>
  <testcase classname="org.ecommerce.testcases.Login2" name="validLoginDetails" time="1.184"/>
</testsuite> <!-- Test -->
