<?xml version="1.0" encoding="UTF-8"?>
<testng-results ignored="0" total="3" passed="3" failed="0" skipped="0">
  <reporter-output>
  </reporter-output>
  <suite started-at="2026-02-09T18:42:52 IST" name="Suite" finished-at="2026-02-09T18:43:27 IST" duration-ms="35129">
    <groups>
      <group name="Master">
        <method signature="Login.validLoginDetails()[pri:0, instance:org.ecommerce.testcases.Login@2a3591c5]" name="validLoginDetails" class="org.ecommerce.testcases.Login"/>
        <method signature="Login.invalidLoginDetails()[pri:1, instance:org.ecommerce.testcases.Login@2a3591c5]" name="invalidLoginDetails" class="org.ecommerce.testcases.Login"/>
        <method signature="Login2.validLoginDetails()[pri:3, instance:org.ecommerce.testcases.Login2@625e134e]" name="validLoginDetails" class="org.ecommerce.testcases.Login2"/>
      </group> <!-- Master -->
      <group name="regression">
        <method signature="Login.validLoginDetails()[pri:0, instance:org.ecommerce.testcases.Login@2a3591c5]" name="validLoginDetails" class="org.ecommerce.testcases.Login"/>
        <method signature="Login.invalidLoginDetails()[pri:1, instance:org.ecommerce.testcases.Login@2a3591c5]" name="invalidLoginDetails" class="org.ecommerce.testcases.Login"/>
      </group> <!-- regression -->
      <group name="smoke">
        <method signature="Login2.validLoginDetails()[pri:3, instance:org.ecommerce.testcases.Login2@625e134e]" name="validLoginDetails" class="org.ecommerce.testcases.Login2"/>
      </group> <!-- smoke -->
    </groups>
    <test started-at="2026-02-09T18:42:52 IST" name="Test" finished-at="2026-02-09T18:43:27 IST" duration-ms="35129">
      <class name="org.ecommerce.testcases.Login2">
        <test-method is-config="true" signature="browserStartUp()[pri:0, instance:org.ecommerce.testcases.Login2@625e134e]" started-at="2026-02-09T18:43:16 IST" name="browserStartUp" finished-at="2026-02-09T18:43:24 IST" duration-ms="8258" status="PASS">
          <reporter-output>
          </reporter-output>
        </test-method> <!-- browserStartUp -->
        <test-method is-config="true" signature="initPage()[pri:0, instance:org.ecommerce.testcases.Login2@625e134e]" started-at="2026-02-09T18:43:24 IST" name="initPage" finished-at="2026-02-09T18:43:24 IST" duration-ms="1" status="PASS">
          <reporter-output>
          </reporter-output>
        </test-method> <!-- initPage -->
        <test-method signature="validLoginDetails()[pri:3, instance:org.ecommerce.testcases.Login2@625e134e]" started-at="2026-02-09T18:43:24 IST" name="validLoginDetails" finished-at="2026-02-09T18:43:26 IST" duration-ms="1184" status="PASS">
          <reporter-output>
          </reporter-output>
        </test-method> <!-- validLoginDetails -->
        <test-method is-config="true" signature="browserTerminate()[pri:0, instance:org.ecommerce.testcases.Login2@625e134e]" started-at="2026-02-09T18:43:26 IST" name="browserTerminate" finished-at="2026-02-09T18:43:27 IST" duration-ms="1705" status="PASS">
          <reporter-output>
          </reporter-output>
        </test-method> <!-- browserTerminate -->
      </class> <!-- org.ecommerce.testcases.Login2 -->
      <class name="org.ecommerce.testcases.Login">
        <test-method is-config="true" signature="browserStartUp()[pri:0, instance:org.ecommerce.testcases.Login@2a3591c5]" started-at="2026-02-09T18:42:52 IST" name="browserStartUp" finished-at="2026-02-09T18:43:02 IST" duration-ms="9527" status="PASS">
          <reporter-output>
          </reporter-output>
        </test-method> <!-- browserStartUp -->
        <test-method is-config="true" signature="initPage()[pri:0, instance:org.ecommerce.testcases.Login@2a3591c5]" started-at="2026-02-09T18:43:02 IST" name="initPage" finished-at="2026-02-09T18:43:02 IST" duration-ms="45" status="PASS">
          <reporter-output>
          </reporter-output>
        </test-method> <!-- initPage -->
        <test-method signature="validLoginDetails()[pri:0, instance:org.ecommerce.testcases.Login@2a3591c5]" started-at="2026-02-09T18:43:02 IST" name="validLoginDetails" finished-at="2026-02-09T18:43:03 IST" duration-ms="1058" status="PASS">
          <reporter-output>
          </reporter-output>
        </test-method> <!-- validLoginDetails -->
        <test-method is-config="true" signature="browserTerminate()[pri:0, instance:org.ecommerce.testcases.Login@2a3591c5]" started-at="2026-02-09T18:43:03 IST" name="browserTerminate" finished-at="2026-02-09T18:43:05 IST" duration-ms="2532" status="PASS">
          <reporter-output>
          </reporter-output>
        </test-method> <!-- browserTerminate -->
        <test-method is-config="true" signature="browserStartUp()[pri:0, instance:org.ecommerce.testcases.Login@2a3591c5]" started-at="2026-02-09T18:43:05 IST" name="browserStartUp" finished-at="2026-02-09T18:43:13 IST" duration-ms="7860" status="PASS">
          <reporter-output>
          </reporter-output>
        </test-method> <!-- browserStartUp -->
        <test-method is-config="true" signature="initPage()[pri:0, instance:org.ecommerce.testcases.Login@2a3591c5]" started-at="2026-02-09T18:43:13 IST" name="initPage" finished-at="2026-02-09T18:43:13 IST" duration-ms="2" status="PASS">
          <reporter-output>
          </reporter-output>
        </test-method> <!-- initPage -->
        <test-method signature="invalidLoginDetails()[pri:1, instance:org.ecommerce.testcases.Login@2a3591c5]" started-at="2026-02-09T18:43:13 IST" name="invalidLoginDetails" finished-at="2026-02-09T18:43:14 IST" duration-ms="1007" status="PASS">
          <reporter-output>
          </reporter-output>
        </test-method> <!-- invalidLoginDetails -->
        <test-method is-config="true" signature="browserTerminate()[pri:0, instance:org.ecommerce.testcases.Login@2a3591c5]" started-at="2026-02-09T18:43:14 IST" name="browserTerminate" finished-at="2026-02-09T18:43:16 IST" duration-ms="1862" status="PASS">
          <reporter-output>
          </reporter-output>
        </test-method> <!-- browserTerminate -->
      </class> <!-- org.ecommerce.testcases.Login -->
    </test> <!-- Test -->
  </suite> <!-- Suite -->
</testng-results>
