<?xml version="1.0" encoding="UTF-8"?>
<!-- Generated by org.testng.reporters.JUnitReportReporter -->
<testsuite hostname="vpr" failures="0" tests="2" name="org.ecommerce.testcases.Login" time="23.893" errors="0" timestamp="2026-02-09T18:43:27 IST" skipped="0">
  <testcase classname="org.ecommerce.testcases.Login" name="validLoginDetails" time="10.825"/>
  <testcase classname="org.ecommerce.testcases.Login" name="invalidLoginDetails" time="13.068"/>
</testsuite> <!-- org.ecommerce.testcases.Login -->
